<?xml version="1.0" encoding="UTF-8"?>
<!-- Generated by org.testng.reporters.JUnitReportReporter -->
<testsuite skipped="0" hostname="MacBook-Pro.local" name="com.syntax.test.Privet" tests="1" failures="0" timestamp="2021-10-22T12:36:17 EDT" time="0.013" errors="0">
  <testcase name="hello" time="0.013" classname="com.syntax.test.Privet"/>
  <system-out/>
</testsuite> <!-- com.syntax.test.Privet -->
